<?xml version="1.0" encoding="UTF-8"?>
<testsuite name="compressor.unit.CDFactoryTest" tests="4" skipped="0" failures="0" errors="0" timestamp="2022-07-01T15:21:24" hostname="ip-10-104-198-101.eu-central-1.compute.internal" time="0.003">
  <properties/>
  <testcase name="cCommandShouldCreateCompressorClass()" classname="compressor.unit.CDFactoryTest" time="0.002"/>
  <testcase name="dCommandShouldCreateDecompressorClass()" classname="compressor.unit.CDFactoryTest" time="0.001"/>
  <testcase name="cCommandShouldNotCreateDecompressorClass()" classname="compressor.unit.CDFactoryTest" time="0.0"/>
  <testcase name="dCommandShouldNotCreateCompressorClass()" classname="compressor.unit.CDFactoryTest" time="0.0"/>
  <system-out><![CDATA[]]></system-out>
  <system-err><![CDATA[]]></system-err>
</testsuite>
